<?xml version="1.0" encoding="UTF-8"?>
<testsuite xmlns:xsi="http://www.w3.org/2001/XMLSchema-instance" xsi:noNamespaceSchemaLocation="https://maven.apache.org/surefire/maven-surefire-plugin/xsd/surefire-test-report-3.0.xsd" version="3.0" name="com.casahogar.mantenimiento.auth.controller.AuthControllerIntegrationTest" time="14.842" tests="9" errors="0" skipped="0" failures="0">
  <properties>
[...]
</properties>
  <testcase name="register_createsUserAndReturnsTokens" classname="com.casahogar.mantenimiento.auth.controller.AuthControllerIntegrationTest" time="1.289">
    <system-out><![CDATA[01:10:13.029 [main] INFO org.springframework.test.context.support.AnnotationConfigContextLoaderUtils -- Could not detect default configuration classes for test class [com.casahogar.mantenimiento.auth.controller.AuthControllerIntegrationTest]: AuthControllerIntegrationTest does not declare any static, non-private, non-final, nested classes annotated with @Configuration.
01:10:13.178 [main] INFO org.springframework.boot.test.context.SpringBootTestContextBootstrapper -- Found @SpringBootConfiguration com.casahogar.mantenimiento.CasaHogarMantenimientoApplication for test class com.casahogar.mantenimiento.auth.controller.AuthControllerIntegrationTest

  .   ____          _            __ _ _
 /\\ / ___'_ __ _ _(_)_ __  __ _ \ \ \ \
( ( )\___ | '_ | '_| | '_ \/ _` | \ \ \ \
 \\/  ___)| |_)| | | | | || (_| |  ) ) ) )
  '  |____| .__|_| |_|_| |_\__, | / / / /
 =========|_|==============|___/=/_/_/_/
 :: Spring Boot ::                (v3.2.5)

2026-07-31 01:10:13 [main] INFO  c.c.m.a.c.AuthControllerIntegrationTest - Starting AuthControllerIntegrationTest using Java 23.0.2 with PID 29208 (started by pblgl in E:\Spring\2026\casa-hogar-mantenimiento)
2026-07-31 01:10:13 [main] INFO  c.c.m.a.c.AuthControllerIntegrationTest - The following 1 profile is active: "integration"
2026-07-31 01:10:14 [main] INFO  o.s.d.r.c.RepositoryConfigurationDelegate - Bootstrapping Spring Data JPA repositories in DEFAULT mode.
2026-07-31 01:10:14 [main] INFO  o.s.d.r.c.RepositoryConfigurationDelegate - Finished Spring Data repository scanning in 118 ms. Found 16 JPA repository interfaces.
2026-07-31 01:10:16 [main] INFO  o.s.b.w.e.tomcat.TomcatWebServer - Tomcat initialized with port 0 (http)
2026-07-31 01:10:16 [main] INFO  o.a.catalina.core.StandardService - Starting service [Tomcat]
2026-07-31 01:10:16 [main] INFO  o.a.catalina.core.StandardEngine - Starting Servlet engine: [Apache Tomcat/10.1.20]
2026-07-31 01:10:16 [main] INFO  o.a.c.c.C.[.[localhost].[/api] - Initializing Spring embedded WebApplicationContext
2026-07-31 01:10:16 [main] INFO  o.s.b.w.s.c.ServletWebServerApplicationContext - Root WebApplicationContext: initialization completed in 2800 ms
2026-07-31 01:10:16 [main] INFO  com.zaxxer.hikari.HikariDataSource - HikariPool-1 - Starting...
2026-07-31 01:10:17 [main] INFO  com.zaxxer.hikari.pool.HikariPool - HikariPool-1 - Added connection com.mysql.cj.jdbc.ConnectionImpl@4822ab4d
2026-07-31 01:10:17 [main] INFO  com.zaxxer.hikari.HikariDataSource - HikariPool-1 - Start completed.
2026-07-31 01:10:17 [main] INFO  o.f.c.i.license.VersionPrinter - Flyway Community Edition 9.22.3 by Redgate
2026-07-31 01:10:17 [main] INFO  o.f.c.i.license.VersionPrinter - See release notes here: https://rd.gt/416ObMi
2026-07-31 01:10:17 [main] INFO  o.f.c.i.license.VersionPrinter - 
2026-07-31 01:10:17 [main] INFO  org.flywaydb.core.FlywayExecutor - Database: jdbc:mysql://127.0.0.1:3307/casahogar_test (MySQL 8.0)
2026-07-31 01:10:17 [main] INFO  o.f.core.internal.command.DbMigrate - Current version of schema `casahogar_test`: 15
2026-07-31 01:10:17 [main] WARN  o.f.core.internal.command.DbMigrate - outOfOrder mode is active. Migration of schema `casahogar_test` may not be reproducible.
2026-07-31 01:10:17 [main] INFO  o.f.core.internal.command.DbMigrate - Schema `casahogar_test` is up to date. No migration necessary.
2026-07-31 01:10:17 [main] INFO  o.h.jpa.internal.util.LogHelper - HHH000204: Processing PersistenceUnitInfo [name: default]
2026-07-31 01:10:17 [main] INFO  org.hibernate.Version - HHH000412: Hibernate ORM core version 6.4.4.Final
2026-07-31 01:10:17 [main] INFO  o.h.c.i.RegionFactoryInitiator - HHH000026: Second-level cache disabled
2026-07-31 01:10:18 [main] INFO  o.s.o.j.p.SpringPersistenceUnitInfo - No LoadTimeWeaver setup: ignoring JPA class transformer
2026-07-31 01:10:18 [main] WARN  org.hibernate.orm.deprecation - HHH90000025: MySQLDialect does not need to be specified explicitly using 'hibernate.dialect' (remove the property setting and it will be selected by default)
2026-07-31 01:10:19 [main] INFO  o.h.e.t.j.p.i.JtaPlatformInitiator - HHH000489: No JTA platform available (set 'hibernate.transaction.jta.platform' to enable JTA platform integration)
2026-07-31 01:10:19 [main] INFO  o.s.o.j.LocalContainerEntityManagerFactoryBean - Initialized JPA EntityManagerFactory for persistence unit 'default'
2026-07-31 01:10:20 [main] INFO  o.s.d.j.r.query.QueryEnhancerFactory - Hibernate is in classpath; If applicable, HQL parser will be used.
2026-07-31 01:10:22 [main] WARN  o.s.b.a.o.j.JpaBaseConfiguration$JpaWebConfiguration - spring.jpa.open-in-view is enabled by default. Therefore, database queries may be performed during view rendering. Explicitly configure spring.jpa.open-in-view to disable this warning
2026-07-31 01:10:23 [main] INFO  o.s.b.a.e.web.EndpointLinksResolver - Exposing 1 endpoint(s) beneath base path '/actuator'
2026-07-31 01:10:23 [main] INFO  o.s.s.web.DefaultSecurityFilterChain - Will secure any request with [org.springframework.security.web.session.DisableEncodeUrlFilter@4e51a9f3, org.springframework.security.web.context.request.async.WebAsyncManagerIntegrationFilter@15cf9d44, org.springframework.security.web.context.SecurityContextHolderFilter@6b88ef84, org.springframework.security.web.header.HeaderWriterFilter@65dcf80f, org.springframework.web.filter.CorsFilter@3777e395, org.springframework.security.web.authentication.logout.LogoutFilter@1d20aae4, com.casahogar.mantenimiento.auth.security.JwtAuthenticationFilter@72602969, org.springframework.security.web.savedrequest.RequestCacheAwareFilter@104305f, org.springframework.security.web.servletapi.SecurityContextHolderAwareRequestFilter@35ef76a8, org.springframework.security.web.authentication.AnonymousAuthenticationFilter@2b3c7194, org.springframework.security.web.session.SessionManagementFilter@49d69469, org.springframework.security.web.access.ExceptionTranslationFilter@7aded3b7, org.springframework.security.web.access.intercept.AuthorizationFilter@3f2054d]
2026-07-31 01:10:23 [main] INFO  o.s.b.w.e.tomcat.TomcatWebServer - Tomcat started on port 54522 (http) with context path '/api'
2026-07-31 01:10:23 [main] INFO  c.c.m.a.c.AuthControllerIntegrationTest - Started AuthControllerIntegrationTest in 10.563 seconds (process running for 11.518)
2026-07-31 01:10:24 [http-nio-auto-1-exec-1] INFO  o.a.c.c.C.[.[localhost].[/api] - Initializing Spring DispatcherServlet 'dispatcherServlet'
2026-07-31 01:10:24 [http-nio-auto-1-exec-1] INFO  o.s.web.servlet.DispatcherServlet - Initializing Servlet 'dispatcherServlet'
2026-07-31 01:10:24 [http-nio-auto-1-exec-1] INFO  o.s.web.servlet.DispatcherServlet - Completed initialization in 1 ms
]]></system-out>
  </testcase>
  <testcase name="register_duplicateUsername_rejects" classname="com.casahogar.mantenimiento.auth.controller.AuthControllerIntegrationTest" time="0.308"/>
  <testcase name="logout_returns200" classname="com.casahogar.mantenimiento.auth.controller.AuthControllerIntegrationTest" time="0.332"/>
  <testcase name="refresh_invalidToken_rejects" classname="com.casahogar.mantenimiento.auth.controller.AuthControllerIntegrationTest" time="0.037"/>
  <testcase name="login_validCredentials_returnsTokens" classname="com.casahogar.mantenimiento.auth.controller.AuthControllerIntegrationTest" time="0.745"/>
  <testcase name="register_validationFails_shortPassword" classname="com.casahogar.mantenimiento.auth.controller.AuthControllerIntegrationTest" time="0.048"/>
  <testcase name="refresh_validToken_returnsNewTokens" classname="com.casahogar.mantenimiento.auth.controller.AuthControllerIntegrationTest" time="0.272"/>
  <testcase name="login_unknownUser_returns401" classname="com.casahogar.mantenimiento.auth.controller.AuthControllerIntegrationTest" time="0.246"/>
  <testcase name="login_wrongPassword_returns401" classname="com.casahogar.mantenimiento.auth.controller.AuthControllerIntegrationTest" time="0.49"/>
</testsuite>