<?xml version="1.0" encoding="UTF-8"?>
<testsuite xmlns:xsi="http://www.w3.org/2001/XMLSchema-instance" xsi:noNamespaceSchemaLocation="https://maven.apache.org/surefire/maven-surefire-plugin/xsd/surefire-test-report-3.0.xsd" version="3.0" name="com.casahogar.mantenimiento.inventory.service.InventoryServiceIntegrationTest" time="1.036" tests="10" errors="0" skipped="0" failures="0">
  <properties>
[...]
</properties>
  <testcase name="recordMovement_out_decreasesStock" classname="com.casahogar.mantenimiento.inventory.service.InventoryServiceIntegrationTest" time="0.216">
    <system-out><![CDATA[2026-07-31 01:10:38 [main] INFO  o.s.t.c.s.AnnotationConfigContextLoaderUtils - Could not detect default configuration classes for test class [com.casahogar.mantenimiento.inventory.service.InventoryServiceIntegrationTest]: InventoryServiceIntegrationTest does not declare any static, non-private, non-final, nested classes annotated with @Configuration.
2026-07-31 01:10:38 [main] INFO  o.s.b.t.c.SpringBootTestContextBootstrapper - Found @SpringBootConfiguration com.casahogar.mantenimiento.CasaHogarMantenimientoApplication for test class com.casahogar.mantenimiento.inventory.service.InventoryServiceIntegrationTest
]]></system-out>
  </testcase>
  <testcase name="deleteItem_softDeletes" classname="com.casahogar.mantenimiento.inventory.service.InventoryServiceIntegrationTest" time="0.117"/>
  <testcase name="recordMovement_in_increasesStock" classname="com.casahogar.mantenimiento.inventory.service.InventoryServiceIntegrationTest" time="0.107"/>
  <testcase name="searchItemsPaged_filtersByName" classname="com.casahogar.mantenimiento.inventory.service.InventoryServiceIntegrationTest" time="0.114"/>
  <testcase name="createItem_duplicateCode_rejects" classname="com.casahogar.mantenimiento.inventory.service.InventoryServiceIntegrationTest" time="0.059"/>
  <testcase name="recordMovement_adjustment_setsStock" classname="com.casahogar.mantenimiento.inventory.service.InventoryServiceIntegrationTest" time="0.1"/>
  <testcase name="recordMovement_out_insufficientStock_rejectsWithoutChanges" classname="com.casahogar.mantenimiento.inventory.service.InventoryServiceIntegrationTest" time="0.128"/>
  <testcase name="createItem_persistsAndReturnsId" classname="com.casahogar.mantenimiento.inventory.service.InventoryServiceIntegrationTest" time="0.067"/>
  <testcase name="getBelowReorderPoint_returnsOnlyLowStock" classname="com.casahogar.mantenimiento.inventory.service.InventoryServiceIntegrationTest" time="0.075"/>
  <testcase name="createItem_missingLocation_rejects" classname="com.casahogar.mantenimiento.inventory.service.InventoryServiceIntegrationTest" time="0.03"/>
</testsuite>